<?xml version="1.0" encoding="UTF-8"?>
<testng-results ignored="0" total="0" passed="0" failed="0" skipped="0">
  <reporter-output>
  </reporter-output>
  <suite started-at="2025-07-03T04:01:14 COT" name="Mobile Automation Suite" finished-at="2025-07-03T04:01:14 COT" duration-ms="11">
    <groups>
    </groups>
    <test started-at="2025-07-03T04:01:14 COT" name="Appium Tests" finished-at="2025-07-03T04:01:14 COT" duration-ms="11">
    </test> <!-- Appium Tests -->
  </suite> <!-- Mobile Automation Suite -->
</testng-results>
